#
# There is insufficient memory for the Java Runtime Environment to continue.
# Native memory allocation (malloc) failed to allocate 32744 bytes for ChunkPool::allocate
# Possible reasons:
#   The system is out of physical RAM or swap space
#   The process is running with CompressedOops enabled, and the Java Heap may be blocking the growth of the native heap
# Possible solutions:
#   Reduce memory load on the system
#   Increase physical memory or swap space
#   Check if swap backing store is full
#   Decrease Java heap size (-Xmx/-Xms)
#   Decrease number of Java threads
#   Decrease Java thread stack sizes (-Xss)
#   Set larger code cache with -XX:ReservedCodeCacheSize=
#   JVM is running with Unscaled Compressed Oops mode in which the Java heap is
#     placed in the first 4GB address space. The Java Heap base address is the
#     maximum limit for the native heap growth. Please use -XX:HeapBaseMinAddress
#     to set the Java Heap base and to place the Java Heap above 4GB virtual address.
# This output file may be truncated or incomplete.
#
#  Out of Memory Error (./src/hotspot/share/memory/arena.cpp:79), pid=5460, tid=8888
#
# JRE version: OpenJDK Runtime Environment AdoptOpenJDK (14.0.2+12) (build 14.0.2+12)
# Java VM: OpenJDK 64-Bit Server VM AdoptOpenJDK (14.0.2+12, mixed mode, sharing, tiered, compressed oops, g1 gc, windows-amd64)
# No core dump will be written. Minidumps are not enabled by default on client versions of Windows
#

---------------  S U M M A R Y ------------

Command Line: -javaagent:C:\Users\Usuario\Desktop\DIO Santander\JAVA\Ideal\lib\idea_rt.jar=60949:C:\Users\Usuario\Desktop\DIO Santander\JAVA\Ideal\bin -Dfile.encoding=UTF-8 com.dio.personmngmt.PersonmngmtApplication

Host: Intel(R) Core(TM) i7-3517U CPU @ 1.90GHz, 4 cores, 3G,  Windows 10 , 64 bit Build 18362 (10.0.18362.1500)
Time: Thu Jul 29 15:34:50 2021 Hora oficial do Brasil elapsed time: 3 seconds (0d 0h 0m 3s)

---------------  T H R E A D  ---------------

Current thread (0x00000269b1a64000):  JavaThread "C2 CompilerThread0" daemon [_thread_in_native, id=8888, stack(0x000000f977c00000,0x000000f977d00000)]


Current CompileTask:
C2:   3079  389       4       java.util.zip.ZipFile$Source::getEntryPos (208 bytes)

Stack: [0x000000f977c00000,0x000000f977d00000]
Native frames: (J=compiled Java code, j=interpreted, Vv=VM code, C=native code)
V  [jvm.dll+0x5fd67a]
V  [jvm.dll+0x79785a]
V  [jvm.dll+0x79900f]
V  [jvm.dll+0x799653]
V  [jvm.dll+0x20f108]
V  [jvm.dll+0xad1e6]
V  [jvm.dll+0xacfbd]
V  [jvm.dll+0x5dd2cb]
V  [jvm.dll+0x62858e]
V  [jvm.dll+0x18e5bc]
V  [jvm.dll+0x1e7cba]
V  [jvm.dll+0x1e6e78]
V  [jvm.dll+0x179d0c]
V  [jvm.dll+0x1f5f55]
V  [jvm.dll+0x1f413b]
V  [jvm.dll+0x75c3ad]
V  [jvm.dll+0x7551ba]
V  [jvm.dll+0x5fc4d6]
C  [ucrtbase.dll+0x210b2]
C  [KERNEL32.DLL+0x17c24]
C  [ntdll.dll+0x6d721]


---------------  P R O C E S S  ---------------

Threads class SMR info:
_java_thread_list=0x00000269b2975dd0, length=12, elements={
0x00000269b1a35000, 0x00000269b1a38800, 0x00000269b1a52000, 0x00000269b1a53800,
0x00000269b1a5a000, 0x00000269b1a64000, 0x00000269b1a68000, 0x00000269b1a7b800,
0x00000269b248b800, 0x00000269b2545800, 0x00000269b2494000, 0x00000269958a7800
}

Java Threads: ( => current thread )
  0x00000269b1a35000 JavaThread "Reference Handler" daemon [_thread_blocked, id=9280, stack(0x000000f977700000,0x000000f977800000)]
  0x00000269b1a38800 JavaThread "Finalizer" daemon [_thread_blocked, id=9016, stack(0x000000f977800000,0x000000f977900000)]
  0x00000269b1a52000 JavaThread "Signal Dispatcher" daemon [_thread_blocked, id=3084, stack(0x000000f977900000,0x000000f977a00000)]
  0x00000269b1a53800 JavaThread "Attach Listener" daemon [_thread_blocked, id=11400, stack(0x000000f977a00000,0x000000f977b00000)]
  0x00000269b1a5a000 JavaThread "Service Thread" daemon [_thread_blocked, id=10840, stack(0x000000f977b00000,0x000000f977c00000)]
=>0x00000269b1a64000 JavaThread "C2 CompilerThread0" daemon [_thread_in_native, id=8888, stack(0x000000f977c00000,0x000000f977d00000)]
  0x00000269b1a68000 JavaThread "C1 CompilerThread0" daemon [_thread_blocked, id=11016, stack(0x000000f977d00000,0x000000f977e00000)]
  0x00000269b1a7b800 JavaThread "Sweeper thread" daemon [_thread_blocked, id=11068, stack(0x000000f977e00000,0x000000f977f00000)]
  0x00000269b248b800 JavaThread "Common-Cleaner" daemon [_thread_blocked, id=1520, stack(0x000000f977f00000,0x000000f978000000)]
  0x00000269b2545800 JavaThread "Monitor Ctrl-Break" daemon [_thread_in_native, id=3764, stack(0x000000f978000000,0x000000f978100000)]
  0x00000269b2494000 JavaThread "Notification Thread" daemon [_thread_blocked, id=8264, stack(0x000000f978100000,0x000000f978200000)]
  0x00000269958a7800 JavaThread "DestroyJavaVM" [_thread_blocked, id=11496, stack(0x000000f977000000,0x000000f977100000)]

Other Threads:
  0x00000269b1a32800 VMThread "VM Thread" [stack: 0x000000f977600000,0x000000f977700000] [id=9408]
  0x00000269b27ed000 WatcherThread [stack: 0x000000f978200000,0x000000f978300000] [id=3256]
  0x00000269958db000 GCTaskThread "GC Thread#0" [stack: 0x000000f977100000,0x000000f977200000] [id=12644]
  0x00000269958e4800 ConcurrentGCThread "G1 Main Marker" [stack: 0x000000f977200000,0x000000f977300000] [id=12064]
  0x00000269958e6800 ConcurrentGCThread "G1 Conc#0" [stack: 0x000000f977300000,0x000000f977400000] [id=1944]
  0x000002699593b000 ConcurrentGCThread "G1 Refine#0" [stack: 0x000000f977400000,0x000000f977500000] [id=4292]
  0x000002699593c000 ConcurrentGCThread "G1 Young RemSet Sampling" [stack: 0x000000f977500000,0x000000f977600000] [id=980]

Threads with active compile tasks:
C2 CompilerThread0     3786  389       4       java.util.zip.ZipFile$Source::getEntryPos (208 bytes)

VM state:not at safepoint (normal execution)

VM Mutex/Monitor currently owned by a thread: None

OutOfMemory and StackOverflow Exception counts:
OutOfMemoryError java_heap_errors=3

Heap address: 0x00000000c4a00000, size: 950 MB, Compressed Oops mode: 32-bit
Narrow klass base: 0x0000000800000000, Narrow klass shift: 3
Compressed class space size: 1073741824 Address: 0x0000000800b30000

Heap:
 garbage-first heap   total 61440K, used 8192K [0x00000000c4a00000, 0x0000000100000000)
  region size 1024K, 9 young (9216K), 0 survivors (0K)
 Metaspace       used 1172K, capacity 4705K, committed 4864K, reserved 1056768K
  class space    used 109K, capacity 440K, committed 512K, reserved 1048576K
Heap Regions: E=young(eden), S=young(survivor), O=old, HS=humongous(starts), HC=humongous(continues), CS=collection set, F=free, OA=open archive, CA=closed archive, TAMS=top-at-mark-start (previous, next)
|   0|0x00000000c4a00000, 0x00000000c4b00000, 0x00000000c4b00000|100%|HS|  |TAMS 0x00000000c4a00000, 0x00000000c4a00000| Complete 
|   1|0x00000000c4b00000, 0x00000000c4b00000, 0x00000000c4c00000|  0%| F|  |TAMS 0x00000000c4b00000, 0x00000000c4b00000| Untracked 
|   2|0x00000000c4c00000, 0x00000000c4c00000, 0x00000000c4d00000|  0%| F|  |TAMS 0x00000000c4c00000, 0x00000000c4c00000| Untracked 
|   3|0x00000000c4d00000, 0x00000000c4d00000, 0x00000000c4e00000|  0%| F|  |TAMS 0x00000000c4d00000, 0x00000000c4d00000| Untracked 
|   4|0x00000000c4e00000, 0x00000000c4e00000, 0x00000000c4f00000|  0%| F|  |TAMS 0x00000000c4e00000, 0x00000000c4e00000| Untracked 
|   5|0x00000000c4f00000, 0x00000000c4f00000, 0x00000000c5000000|  0%| F|  |TAMS 0x00000000c4f00000, 0x00000000c4f00000| Untracked 
|   6|0x00000000c5000000, 0x00000000c5000000, 0x00000000c5100000|  0%| F|  |TAMS 0x00000000c5000000, 0x00000000c5000000| Untracked 
|   7|0x00000000c5100000, 0x00000000c5100000, 0x00000000c5200000|  0%| F|  |TAMS 0x00000000c5100000, 0x00000000c5100000| Untracked 
|   8|0x00000000c5200000, 0x00000000c5200000, 0x00000000c5300000|  0%| F|  |TAMS 0x00000000c5200000, 0x00000000c5200000| Untracked 
|   9|0x00000000c5300000, 0x00000000c5300000, 0x00000000c5400000|  0%| F|  |TAMS 0x00000000c5300000, 0x00000000c5300000| Untracked 
|  10|0x00000000c5400000, 0x00000000c5400000, 0x00000000c5500000|  0%| F|  |TAMS 0x00000000c5400000, 0x00000000c5400000| Untracked 
|  11|0x00000000c5500000, 0x00000000c5500000, 0x00000000c5600000|  0%| F|  |TAMS 0x00000000c5500000, 0x00000000c5500000| Untracked 
|  12|0x00000000c5600000, 0x00000000c5600000, 0x00000000c5700000|  0%| F|  |TAMS 0x00000000c5600000, 0x00000000c5600000| Untracked 
|  13|0x00000000c5700000, 0x00000000c5700000, 0x00000000c5800000|  0%| F|  |TAMS 0x00000000c5700000, 0x00000000c5700000| Untracked 
|  14|0x00000000c5800000, 0x00000000c5800000, 0x00000000c5900000|  0%| F|  |TAMS 0x00000000c5800000, 0x00000000c5800000| Untracked 
|  15|0x00000000c5900000, 0x00000000c5900000, 0x00000000c5a00000|  0%| F|  |TAMS 0x00000000c5900000, 0x00000000c5900000| Untracked 
|  16|0x00000000c5a00000, 0x00000000c5a00000, 0x00000000c5b00000|  0%| F|  |TAMS 0x00000000c5a00000, 0x00000000c5a00000| Untracked 
|  17|0x00000000c5b00000, 0x00000000c5b00000, 0x00000000c5c00000|  0%| F|  |TAMS 0x00000000c5b00000, 0x00000000c5b00000| Untracked 
|  18|0x00000000c5c00000, 0x00000000c5c00000, 0x00000000c5d00000|  0%| F|  |TAMS 0x00000000c5c00000, 0x00000000c5c00000| Untracked 
|  19|0x00000000c5d00000, 0x00000000c5d00000, 0x00000000c5e00000|  0%| F|  |TAMS 0x00000000c5d00000, 0x00000000c5d00000| Untracked 
|  20|0x00000000c5e00000, 0x00000000c5e00000, 0x00000000c5f00000|  0%| F|  |TAMS 0x00000000c5e00000, 0x00000000c5e00000| Untracked 
|  21|0x00000000c5f00000, 0x00000000c5f00000, 0x00000000c6000000|  0%| F|  |TAMS 0x00000000c5f00000, 0x00000000c5f00000| Untracked 
|  22|0x00000000c6000000, 0x00000000c6000000, 0x00000000c6100000|  0%| F|  |TAMS 0x00000000c6000000, 0x00000000c6000000| Untracked 
|  23|0x00000000c6100000, 0x00000000c6100000, 0x00000000c6200000|  0%| F|  |TAMS 0x00000000c6100000, 0x00000000c6100000| Untracked 
|  24|0x00000000c6200000, 0x00000000c6200000, 0x00000000c6300000|  0%| F|  |TAMS 0x00000000c6200000, 0x00000000c6200000| Untracked 
|  25|0x00000000c6300000, 0x00000000c6300000, 0x00000000c6400000|  0%| F|  |TAMS 0x00000000c6300000, 0x00000000c6300000| Untracked 
|  26|0x00000000c6400000, 0x00000000c6400000, 0x00000000c6500000|  0%| F|  |TAMS 0x00000000c6400000, 0x00000000c6400000| Untracked 
|  27|0x00000000c6500000, 0x00000000c6500000, 0x00000000c6600000|  0%| F|  |TAMS 0x00000000c6500000, 0x00000000c6500000| Untracked 
|  28|0x00000000c6600000, 0x00000000c6600000, 0x00000000c6700000|  0%| F|  |TAMS 0x00000000c6600000, 0x00000000c6600000| Untracked 
|  29|0x00000000c6700000, 0x00000000c6700000, 0x00000000c6800000|  0%| F|  |TAMS 0x00000000c6700000, 0x00000000c6700000| Untracked 
|  30|0x00000000c6800000, 0x00000000c6800000, 0x00000000c6900000|  0%| F|  |TAMS 0x00000000c6800000, 0x00000000c6800000| Untracked 
|  31|0x00000000c6900000, 0x00000000c6900000, 0x00000000c6a00000|  0%| F|  |TAMS 0x00000000c6900000, 0x00000000c6900000| Untracked 
|  32|0x00000000c6a00000, 0x00000000c6a00000, 0x00000000c6b00000|  0%| F|  |TAMS 0x00000000c6a00000, 0x00000000c6a00000| Untracked 
|  33|0x00000000c6b00000, 0x00000000c6b00000, 0x00000000c6c00000|  0%| F|  |TAMS 0x00000000c6b00000, 0x00000000c6b00000| Untracked 
|  34|0x00000000c6c00000, 0x00000000c6c00000, 0x00000000c6d00000|  0%| F|  |TAMS 0x00000000c6c00000, 0x00000000c6c00000| Untracked 
|  35|0x00000000c6d00000, 0x00000000c6d00000, 0x00000000c6e00000|  0%| F|  |TAMS 0x00000000c6d00000, 0x00000000c6d00000| Untracked 
|  36|0x00000000c6e00000, 0x00000000c6e00000, 0x00000000c6f00000|  0%| F|  |TAMS 0x00000000c6e00000, 0x00000000c6e00000| Untracked 
|  37|0x00000000c6f00000, 0x00000000c6f00000, 0x00000000c7000000|  0%| F|  |TAMS 0x00000000c6f00000, 0x00000000c6f00000| Untracked 
|  38|0x00000000c7000000, 0x00000000c7000000, 0x00000000c7100000|  0%| F|  |TAMS 0x00000000c7000000, 0x00000000c7000000| Untracked 
|  39|0x00000000c7100000, 0x00000000c7100000, 0x00000000c7200000|  0%| F|  |TAMS 0x00000000c7100000, 0x00000000c7100000| Untracked 
|  40|0x00000000c7200000, 0x00000000c7200000, 0x00000000c7300000|  0%| F|  |TAMS 0x00000000c7200000, 0x00000000c7200000| Untracked 
|  41|0x00000000c7300000, 0x00000000c7300000, 0x00000000c7400000|  0%| F|  |TAMS 0x00000000c7300000, 0x00000000c7300000| Untracked 
|  42|0x00000000c7400000, 0x00000000c7400000, 0x00000000c7500000|  0%| F|  |TAMS 0x00000000c7400000, 0x00000000c7400000| Untracked 
|  43|0x00000000c7500000, 0x00000000c7500000, 0x00000000c7600000|  0%| F|  |TAMS 0x00000000c7500000, 0x00000000c7500000| Untracked 
|  44|0x00000000c7600000, 0x00000000c7600000, 0x00000000c7700000|  0%| F|  |TAMS 0x00000000c7600000, 0x00000000c7600000| Untracked 
|  45|0x00000000c7700000, 0x00000000c7700000, 0x00000000c7800000|  0%| F|  |TAMS 0x00000000c7700000, 0x00000000c7700000| Untracked 
|  46|0x00000000c7800000, 0x00000000c7800000, 0x00000000c7900000|  0%| F|  |TAMS 0x00000000c7800000, 0x00000000c7800000| Untracked 
|  47|0x00000000c7900000, 0x00000000c7900000, 0x00000000c7a00000|  0%| F|  |TAMS 0x00000000c7900000, 0x00000000c7900000| Untracked 
|  48|0x00000000c7a00000, 0x00000000c7a00000, 0x00000000c7b00000|  0%| F|  |TAMS 0x00000000c7a00000, 0x00000000c7a00000| Untracked 
|  49|0x00000000c7b00000, 0x00000000c7b00000, 0x00000000c7c00000|  0%| F|  |TAMS 0x00000000c7b00000, 0x00000000c7b00000| Untracked 
|  50|0x00000000c7c00000, 0x00000000c7c00000, 0x00000000c7d00000|  0%| F|  |TAMS 0x00000000c7c00000, 0x00000000c7c00000| Untracked 
|  51|0x00000000c7d00000, 0x00000000c7d00800, 0x00000000c7e00000|  0%| E|  |TAMS 0x00000000c7d00000, 0x00000000c7d00000| Complete 
|  52|0x00000000c7e00000, 0x00000000c7f00000, 0x00000000c7f00000|100%| E|CS|TAMS 0x00000000c7e00000, 0x00000000c7e00000| Complete 
|  53|0x00000000c7f00000, 0x00000000c8000000, 0x00000000c8000000|100%| E|CS|TAMS 0x00000000c7f00000, 0x00000000c7f00000| Complete 
|  54|0x00000000c8000000, 0x00000000c8100000, 0x00000000c8100000|100%| E|CS|TAMS 0x00000000c8000000, 0x00000000c8000000| Complete 
|  55|0x00000000c8100000, 0x00000000c8200000, 0x00000000c8200000|100%| E|CS|TAMS 0x00000000c8100000, 0x00000000c8100000| Complete 
|  56|0x00000000c8200000, 0x00000000c8300000, 0x00000000c8300000|100%| E|  |TAMS 0x00000000c8200000, 0x00000000c8200000| Complete 
|  57|0x00000000c8300000, 0x00000000c8400000, 0x00000000c8400000|100%| E|CS|TAMS 0x00000000c8300000, 0x00000000c8300000| Complete 
|  58|0x00000000c8400000, 0x00000000c8500000, 0x00000000c8500000|100%| E|CS|TAMS 0x00000000c8400000, 0x00000000c8400000| Complete 
|  59|0x00000000c8500000, 0x00000000c8600000, 0x00000000c8600000|100%| E|CS|TAMS 0x00000000c8500000, 0x00000000c8500000| Complete 

Card table byte_map: [0x00000269ad310000,0x00000269ad4f0000] _byte_map_base: 0x00000269acceb000

Marking Bits (Prev, Next): (CMBitMap*) 0x00000269958dc738, (CMBitMap*) 0x00000269958dc778
 Prev Bits: [0x00000269ad6d0000, 0x00000269ae5a8000)
 Next Bits: [0x00000269ae5b0000, 0x00000269af488000)

Polling page: 0x0000026993740000

Metaspace:

Usage:
  Non-class:      4.17 MB capacity,     1.04 MB ( 25%) used,     3.12 MB ( 75%) free+waste,     2.00 KB ( <1%) overhead. 
      Class:    440.00 KB capacity,   109.46 KB ( 25%) used,   329.16 KB ( 75%) free+waste,     1.38 KB ( <1%) overhead. 
       Both:      4.59 MB capacity,     1.15 MB ( 25%) used,     3.45 MB ( 75%) free+waste,     3.38 KB ( <1%) overhead. 

Virtual space:
  Non-class space:        8.00 MB reserved,       4.25 MB ( 53%) committed 
      Class space:        1.00 GB reserved,     512.00 KB ( <1%) committed 
             Both:        1.01 GB reserved,       4.75 MB ( <1%) committed 

Chunk freelists:
   Non-Class:  23.00 KB
       Class:  8.00 KB
        Both:  31.00 KB

MaxMetaspaceSize: 17179869184.00 GB
CompressedClassSpaceSize: 1.00 GB

CodeHeap 'non-profiled nmethods': size=120000Kb used=127Kb max_used=127Kb free=119872Kb
 bounds [0x00000269a5de0000, 0x00000269a6050000, 0x00000269ad310000]
CodeHeap 'profiled nmethods': size=120000Kb used=557Kb max_used=557Kb free=119442Kb
 bounds [0x000002699e8b0000, 0x000002699eb20000, 0x00000269a5de0000]
CodeHeap 'non-nmethods': size=5760Kb used=1129Kb max_used=1144Kb free=4630Kb
 bounds [0x000002699e310000, 0x000002699e580000, 0x000002699e8b0000]
 total_blobs=775 nmethods=402 adapters=286
 compilation: enabled
              stopped_count=0, restarted_count=0
 full_count=0

Compilation events (20 events):
Event: 2.868 Thread 0x00000269b1a68000  382       3       jdk.internal.misc.Unsafe::putReferenceRelease (9 bytes)
Event: 2.869 Thread 0x00000269b1a68000 nmethod 382 0x000002699e931590 code [0x000002699e931720, 0x000002699e931898]
Event: 2.869 Thread 0x00000269b1a68000  383       3       java.lang.StringConcatHelper::stringOf (20 bytes)
Event: 2.869 Thread 0x00000269b1a68000 nmethod 383 0x000002699e931910 code [0x000002699e931ac0, 0x000002699e931d08]
Event: 2.869 Thread 0x00000269b1a68000  384       3       java.lang.StringConcatHelper::mix (27 bytes)
Event: 2.870 Thread 0x00000269b1a68000 nmethod 384 0x000002699e931e10 code [0x000002699e931fe0, 0x000002699e932408]
Event: 2.870 Thread 0x00000269b1a68000  385       3       java.lang.StringConcatHelper::checkOverflow (17 bytes)
Event: 2.871 Thread 0x00000269b1a68000 nmethod 385 0x000002699e932610 code [0x000002699e9327c0, 0x000002699e9329a8]
Event: 2.908 Thread 0x00000269b1a68000  386       3       java.lang.CharacterData::of (120 bytes)
Event: 2.909 Thread 0x00000269b1a64000  387       4       java.lang.String::charAt (25 bytes)
Event: 2.909 Thread 0x00000269b1a68000 nmethod 386 0x000002699e932a90 code [0x000002699e932c80, 0x000002699e933418]
Event: 2.913 Thread 0x00000269b1a64000 nmethod 387 0x00000269a5dfe790 code [0x00000269a5dfe940, 0x00000269a5dfea48]
Event: 2.913 Thread 0x00000269b1a64000  388       4       java.lang.String::getBytes (44 bytes)
Event: 2.917 Thread 0x00000269b1a64000 nmethod 388 0x00000269a5dfeb10 code [0x00000269a5dfecc0, 0x00000269a5dfee58]
Event: 2.925 Thread 0x00000269b1a64000  389       4       java.util.zip.ZipFile$Source::getEntryPos (208 bytes)
Event: 2.925 Thread 0x00000269b1a68000  390       1       java.nio.Buffer::limit (5 bytes)
Event: 2.926 Thread 0x00000269b1a68000 nmethod 390 0x00000269a5dfef90 code [0x00000269a5dff120, 0x00000269a5dff1f8]
Event: 2.926 Thread 0x00000269b1a68000  391       1       java.security.ProtectionDomain::getCodeSource (5 bytes)
Event: 2.927 Thread 0x00000269b1a68000 nmethod 391 0x00000269a5dff290 code [0x00000269a5dff420, 0x00000269a5dff4f8]
Event: 2.963 Thread 0x00000269b1a68000  393       3       java.util.jar.JarFile::getVersionedEntry (85 bytes)

GC Heap History (0 events):
No events

Deoptimization events (20 events):
Event: 1.776 Thread 0x00000269958a7800 Uncommon trap: trap_request=0xffffff45 fr.pc=0x00000269a5df16d8 relative=0x0000000000000978
Event: 1.776 Thread 0x00000269958a7800 Uncommon trap: reason=unstable_if action=reinterpret pc=0x00000269a5df16d8 method=java.util.HashMap.putVal(ILjava/lang/Object;Ljava/lang/Object;ZZ)Ljava/lang/Object; @ 181 c2
Event: 1.776 Thread 0x00000269958a7800 DEOPT PACKING pc=0x00000269a5df16d8 sp=0x000000f9770fe760
Event: 1.776 Thread 0x00000269958a7800 DEOPT UNPACKING pc=0x000002699e35912f sp=0x000000f9770fe700 mode 2
Event: 1.922 Thread 0x00000269958a7800 Uncommon trap: trap_request=0xffffff45 fr.pc=0x00000269a5df6468 relative=0x00000000000001c8
Event: 1.922 Thread 0x00000269958a7800 Uncommon trap: reason=unstable_if action=reinterpret pc=0x00000269a5df6468 method=java.util.zip.ZipFile$Source.isMetaName([BII)Z @ 57 c2
Event: 1.922 Thread 0x00000269958a7800 DEOPT PACKING pc=0x00000269a5df6468 sp=0x000000f9770fdeb0
Event: 1.922 Thread 0x00000269958a7800 DEOPT UNPACKING pc=0x000002699e35912f sp=0x000000f9770fde58 mode 2
Event: 1.955 Thread 0x00000269958a7800 DEOPT PACKING pc=0x000002699e90ace8 sp=0x000000f9770fcd40
Event: 1.955 Thread 0x00000269958a7800 DEOPT UNPACKING pc=0x000002699e35964e sp=0x000000f9770fc1b0 mode 0
Event: 1.974 Thread 0x00000269958a7800 DEOPT PACKING pc=0x000002699e90ace8 sp=0x000000f9770f8aa0
Event: 1.974 Thread 0x00000269958a7800 DEOPT UNPACKING pc=0x000002699e35964e sp=0x000000f9770f7f10 mode 0
Event: 2.141 Thread 0x00000269958a7800 Uncommon trap: trap_request=0xffffff45 fr.pc=0x00000269a5de13c0 relative=0x0000000000000080
Event: 2.141 Thread 0x00000269958a7800 Uncommon trap: reason=unstable_if action=reinterpret pc=0x00000269a5de13c0 method=java.lang.String.isLatin1()Z @ 10 c2
Event: 2.141 Thread 0x00000269958a7800 DEOPT PACKING pc=0x00000269a5de13c0 sp=0x000000f9770fed30
Event: 2.141 Thread 0x00000269958a7800 DEOPT UNPACKING pc=0x000002699e35912f sp=0x000000f9770fec70 mode 2
Event: 2.501 Thread 0x00000269958a7800 DEOPT PACKING pc=0x000002699e919bb2 sp=0x000000f9770f9b70
Event: 2.501 Thread 0x00000269958a7800 DEOPT UNPACKING pc=0x000002699e35964e sp=0x000000f9770f8fd8 mode 0
Event: 2.516 Thread 0x00000269958a7800 DEOPT PACKING pc=0x000002699e8ef2d0 sp=0x000000f9770f7fc0
Event: 2.516 Thread 0x00000269958a7800 DEOPT UNPACKING pc=0x000002699e35964e sp=0x000000f9770f7448 mode 0

Classes unloaded (0 events):
No events

Classes redefined (0 events):
No events

Internal exceptions (0 events):
No events

Events (20 events):
Event: 2.287 loading class java/net/Socket$SocketInputStream
Event: 2.287 loading class java/net/Socket$SocketInputStream done
Event: 2.288 loading class sun/nio/ch/NioSocketImpl$1
Event: 2.288 loading class sun/nio/ch/NioSocketImpl$1 done
Event: 2.289 Executing VM operation: HandshakeOneThread
Event: 2.289 Executing VM operation: HandshakeOneThread done
Event: 2.289 loading class sun/nio/cs/US_ASCII$Decoder
Event: 2.381 loading class sun/nio/cs/US_ASCII$Decoder done
Event: 2.381 loading class sun/nio/ch/Util
Event: 2.382 loading class sun/nio/ch/Util done
Event: 2.382 loading class sun/nio/ch/Util$1
Event: 2.382 loading class sun/nio/ch/Util$1 done
Event: 2.382 loading class sun/nio/ch/Util$BufferCache
Event: 2.382 loading class sun/nio/ch/Util$BufferCache done
Event: 2.383 loading class java/nio/DirectByteBuffer$Deallocator
Event: 2.383 loading class java/nio/DirectByteBuffer$Deallocator done
Event: 2.771 loading class java/lang/IllegalStateException
Event: 2.772 loading class java/lang/IllegalStateException done
Event: 2.785 loading class java/util/EventObject
Event: 2.819 loading class java/util/EventObject done


Dynamic libraries:
0x00007ff725a10000 - 0x00007ff725a1d000 	C:\Users\Usuario\.jdks\adopt-openjdk-14.0.2\bin\java.exe
0x00007ffcd6820000 - 0x00007ffcd6a10000 	C:\Windows\SYSTEM32\ntdll.dll
0x00007ffcd4d10000 - 0x00007ffcd4dc2000 	C:\Windows\System32\KERNEL32.DLL
0x00007ffcd3930000 - 0x00007ffcd3bd5000 	C:\Windows\System32\KERNELBASE.dll
0x00007ffcd44a0000 - 0x00007ffcd459a000 	C:\Windows\System32\ucrtbase.dll
0x00007ffcc86b0000 - 0x00007ffcc86c8000 	C:\Users\Usuario\.jdks\adopt-openjdk-14.0.2\bin\jli.dll
0x00007ffcc77e0000 - 0x00007ffcc77f5000 	C:\Users\Usuario\.jdks\adopt-openjdk-14.0.2\bin\VCRUNTIME140.dll
0x00007ffcd6150000 - 0x00007ffcd62e4000 	C:\Windows\System32\USER32.dll
0x00007ffcd4420000 - 0x00007ffcd4441000 	C:\Windows\System32\win32u.dll
0x00007ffcd4ce0000 - 0x00007ffcd4d06000 	C:\Windows\System32\GDI32.dll
0x00007ffcc83c0000 - 0x00007ffcc8644000 	C:\Windows\WinSxS\amd64_microsoft.windows.common-controls_6595b64144ccf1df_6.0.18362.1556_none_9e7e372fe45e41d5\COMCTL32.dll
0x00007ffcd3790000 - 0x00007ffcd3928000 	C:\Windows\System32\gdi32full.dll
0x00007ffcd5440000 - 0x00007ffcd54de000 	C:\Windows\System32\msvcrt.dll
0x00007ffcd4360000 - 0x00007ffcd43fe000 	C:\Windows\System32\msvcp_win.dll
0x00007ffcd4fd0000 - 0x00007ffcd5306000 	C:\Windows\System32\combase.dll
0x00007ffcd6030000 - 0x00007ffcd614f000 	C:\Windows\System32\RPCRT4.dll
0x00007ffcd4810000 - 0x00007ffcd4891000 	C:\Windows\System32\bcryptPrimitives.dll
0x00007ffcd5890000 - 0x00007ffcd58be000 	C:\Windows\System32\IMM32.DLL
0x00007ffca8eb0000 - 0x00007ffca8f4b000 	C:\Users\Usuario\.jdks\adopt-openjdk-14.0.2\bin\msvcp140.dll
0x00007ffca09a0000 - 0x00007ffca1534000 	C:\Users\Usuario\.jdks\adopt-openjdk-14.0.2\bin\server\jvm.dll
0x00007ffcd54e0000 - 0x00007ffcd5583000 	C:\Windows\System32\ADVAPI32.dll
0x00007ffcd53a0000 - 0x00007ffcd5437000 	C:\Windows\System32\sechost.dll
0x00007ffcd4e90000 - 0x00007ffcd4e98000 	C:\Windows\System32\PSAPI.DLL
0x00007ffcc2aa0000 - 0x00007ffcc2aa9000 	C:\Windows\SYSTEM32\WSOCK32.dll
0x00007ffcd5310000 - 0x00007ffcd537f000 	C:\Windows\System32\WS2_32.dll
0x00007ffcd0ed0000 - 0x00007ffcd0ef4000 	C:\Windows\SYSTEM32\WINMM.dll
0x00007ffcd0ea0000 - 0x00007ffcd0ecd000 	C:\Windows\SYSTEM32\winmmbase.dll
0x00007ffcd4450000 - 0x00007ffcd449a000 	C:\Windows\System32\cfgmgr32.dll
0x00007ffccaf80000 - 0x00007ffccaf8a000 	C:\Windows\SYSTEM32\VERSION.dll
0x00007ffcd3700000 - 0x00007ffcd3711000 	C:\Windows\System32\kernel.appcore.dll
0x00007ffcca810000 - 0x00007ffcca81a000 	C:\Users\Usuario\.jdks\adopt-openjdk-14.0.2\bin\jimage.dll
0x00007ffcbff50000 - 0x00007ffcc0144000 	C:\Windows\SYSTEM32\DBGHELP.DLL
0x00007ffcbfef0000 - 0x00007ffcbff1a000 	C:\Windows\SYSTEM32\dbgcore.DLL
0x00007ffcc78f0000 - 0x00007ffcc78fe000 	C:\Users\Usuario\.jdks\adopt-openjdk-14.0.2\bin\instrument.dll
0x00007ffcb64c0000 - 0x00007ffcb64e5000 	C:\Users\Usuario\.jdks\adopt-openjdk-14.0.2\bin\java.dll
0x00007ffcc74c0000 - 0x00007ffcc74d6000 	C:\Users\Usuario\.jdks\adopt-openjdk-14.0.2\bin\zip.dll
0x00007ffcd5940000 - 0x00007ffcd6027000 	C:\Windows\System32\SHELL32.dll
0x00007ffcd48d0000 - 0x00007ffcd4978000 	C:\Windows\System32\shcore.dll
0x00007ffcd3be0000 - 0x00007ffcd435b000 	C:\Windows\System32\windows.storage.dll
0x00007ffcd36e0000 - 0x00007ffcd36fe000 	C:\Windows\System32\profapi.dll
0x00007ffcd3720000 - 0x00007ffcd376a000 	C:\Windows\System32\powrprof.dll
0x00007ffcd36d0000 - 0x00007ffcd36e0000 	C:\Windows\System32\UMPDC.dll
0x00007ffcd4dd0000 - 0x00007ffcd4e22000 	C:\Windows\System32\shlwapi.dll
0x00007ffcd4400000 - 0x00007ffcd4417000 	C:\Windows\System32\cryptsp.dll
0x00007ffcc73a0000 - 0x00007ffcc73b9000 	C:\Users\Usuario\.jdks\adopt-openjdk-14.0.2\bin\net.dll
0x00007ffcc9c20000 - 0x00007ffcc9d1a000 	C:\Windows\SYSTEM32\WINHTTP.dll
0x00007ffcd2e60000 - 0x00007ffcd2ec7000 	C:\Windows\system32\mswsock.dll
0x00007ffcc6830000 - 0x00007ffcc6842000 	C:\Users\Usuario\.jdks\adopt-openjdk-14.0.2\bin\nio.dll
0x00007ffcb58f0000 - 0x00007ffcb590a000 	C:\Users\Usuario\Desktop\DIO Santander\JAVA\Ideal\bin\breakgen64.dll

dbghelp: loaded successfully - version: 4.0.5 - missing functions: none
symbol engine: initialized successfully - sym options: 0x614 - pdb path: .;C:\Users\Usuario\.jdks\adopt-openjdk-14.0.2\bin;C:\Windows\SYSTEM32;C:\Windows\WinSxS\amd64_microsoft.windows.common-controls_6595b64144ccf1df_6.0.18362.1556_none_9e7e372fe45e41d5;C:\Users\Usuario\.jdks\adopt-openjdk-14.0.2\bin\server;C:\Users\Usuario\Desktop\DIO Santander\JAVA\Ideal\bin

VM Arguments:
jvm_args: -javaagent:C:\Users\Usuario\Desktop\DIO Santander\JAVA\Ideal\lib\idea_rt.jar=60949:C:\Users\Usuario\Desktop\DIO Santander\JAVA\Ideal\bin -Dfile.encoding=UTF-8 
java_command: com.dio.personmngmt.PersonmngmtApplication
java_class_path (initial): C:\Users\Usuario\Desktop\Projeto-Gerenciamento-master\personmngmt\target\classes;C:\Users\Usuario\.m2\repository\org\springframework\boot\spring-boot-starter-actuator\2.5.3\spring-boot-starter-actuator-2.5.3.jar;C:\Users\Usuario\.m2\repository\org\springframework\boot\spring-boot-starter\2.5.3\spring-boot-starter-2.5.3.jar;C:\Users\Usuario\.m2\repository\org\springframework\boot\spring-boot-starter-logging\2.5.3\spring-boot-starter-logging-2.5.3.jar;C:\Users\Usuario\.m2\repository\ch\qos\logback\logback-classic\1.2.4\logback-classic-1.2.4.jar;C:\Users\Usuario\.m2\repository\ch\qos\logback\logback-core\1.2.4\logback-core-1.2.4.jar;C:\Users\Usuario\.m2\repository\org\apache\logging\log4j\log4j-to-slf4j\2.14.1\log4j-to-slf4j-2.14.1.jar;C:\Users\Usuario\.m2\repository\org\apache\logging\log4j\log4j-api\2.14.1\log4j-api-2.14.1.jar;C:\Users\Usuario\.m2\repository\org\slf4j\jul-to-slf4j\1.7.32\jul-to-slf4j-1.7.32.jar;C:\Users\Usuario\.m2\repository\jakarta\annotation\jakarta.annotation-api\1.3.5\jakarta.annotation-api-1.3.5.jar;C:\Users\Usuario\.m2\repository\org\yaml\snakeyaml\1.28\snakeyaml-1.28.jar;C:\Users\Usuario\.m2\repository\org\springframework\boot\spring-boot-actuator-autoconfigure\2.5.3\spring-boot-actuator-autoconfigure-2.5.3.jar;C:\Users\Usuario\.m2\repository\org\springframework\boot\spring-boot-actuator\2.5.3\spring-boot-actuator-2.5.3.jar;C:\Users\Usuario\.m2\repository\com\fasterxml\jackson\core\jackson-databind\2.12.4\jackson-databind-2.12.4.jar;C:\Users\Usuario\.m2\repository\com\fasterxml\jackson\core\jackson-annotations\2.12.4\jackson-annotations-2.12.4.jar;C:\Users\Usuario\.m2\repository\com\fasterxml\jackson\core\jackson-core\2.12.4\jackson-core-2.12.4.jar;C:\Users\Usuario\.m2\repository\com\fasterxml\jackson\datatype\jackson-datatype-jsr310\2.12.4\jackson-datatype-jsr310-2.12.4.jar;C:\Users\Usuario\.m2\repository\io\micrometer\micrometer-core\1.7.2\micrometer-core-1.7.2.jar;C:\Users\Usuario\.m2\repository\org\hdrhistogra
Launcher Type: SUN_STANDARD

[Global flags]
     intx CICompilerCount                          = 3                                         {product} {ergonomic}
     uint ConcGCThreads                            = 1                                         {product} {ergonomic}
     uint G1ConcRefinementThreads                  = 4                                         {product} {ergonomic}
   size_t G1HeapRegionSize                         = 1048576                                   {product} {ergonomic}
    uintx GCDrainStackTargetSize                   = 64                                        {product} {ergonomic}
   size_t InitialHeapSize                          = 62914560                                  {product} {ergonomic}
   size_t MarkStackSize                            = 4194304                                   {product} {ergonomic}
   size_t MaxHeapSize                              = 996147200                                 {product} {ergonomic}
   size_t MaxNewSize                               = 597688320                                 {product} {ergonomic}
   size_t MinHeapDeltaBytes                        = 1048576                                   {product} {ergonomic}
   size_t MinHeapSize                              = 8388608                                   {product} {ergonomic}
    uintx NonNMethodCodeHeapSize                   = 5832780                                {pd product} {ergonomic}
    uintx NonProfiledCodeHeapSize                  = 122912730                              {pd product} {ergonomic}
    uintx ProfiledCodeHeapSize                     = 122912730                              {pd product} {ergonomic}
    uintx ReservedCodeCacheSize                    = 251658240                              {pd product} {ergonomic}
     bool SegmentedCodeCache                       = true                                      {product} {ergonomic}
   size_t SoftMaxHeapSize                          = 996147200                              {manageable} {ergonomic}
     bool UseCompressedClassPointers               = true                                 {lp64_product} {ergonomic}
     bool UseCompressedOops                        = true                                 {lp64_product} {ergonomic}
     bool UseG1GC                                  = true                                      {product} {ergonomic}
     bool UseLargePagesIndividualAllocation        = false                                  {pd product} {ergonomic}

Logging:
Log output configuration:
 #0: stdout all=warning uptime,level,tags
 #1: stderr all=off uptime,level,tags

Environment Variables:
JAVA_HOME=C:\Program Files\Java\jdk-11.0.11
CLASSPATH= ;C:\Program Files\Java\jdk-11.0.11\lib;C:\Program Files\Java\jdk-11.0.11\lib\tools.jar;C:\Program Files\Java\jdk-11.0.11\lib\dt.jar;C:\Program Files\Java\jdk-11.0.11\lib\htmlconverter.jar;C:\Program Files\Java\jdk-11.0.11\jre\lib;C:\Program Files\Java\jdk-11.0.11\jre\lib\rt.jar;
PATH=C:\Program Files\Java\jdk-11.0.11\bin;C:\Program Files\MySQL\MySQL Shell 8.0\bin\;C:\Users\Usuario\AppData\Local\Microsoft\WindowsApps;C:\Program Files\PostgreSQL\13\bin;C:\Users\Usuario\Desktop\DIO Santander\JAVA\Maven\apache-maven-3.8.1\bin;C:\Users\Usuario\Desktop\DIO Santander\JAVA\Gradle\gradle-7.1\bin;C:\Program Files\7-Zip;
USERNAME=Usuario
OS=Windows_NT
PROCESSOR_IDENTIFIER=Intel64 Family 6 Model 58 Stepping 9, GenuineIntel



---------------  S Y S T E M  ---------------

OS: Windows 10 , 64 bit Build 18362 (10.0.18362.1500)
OS uptime: 4 days 6:37 hours
HyperV virtualization detected

CPU:total 4 (initial active 4) (2 cores per cpu, 2 threads per core) family 6 model 58 stepping 9, cmov, cx8, fxsr, mmx, sse, sse2, sse3, ssse3, sse4.1, sse4.2, popcnt, avx, clmul, erms, ht, tsc, tscinvbit, tscinv

Memory: 4k page, system-wide physical 3797M (388M free)
TotalPageFile size 7889M (AvailPageFile size 0M)
current process WorkingSet (physical memory assigned to process): 42M, peak: 42M
current process commit charge ("private bytes"): 139M, peak: 139M

vm_info: OpenJDK 64-Bit Server VM (14.0.2+12) for windows-amd64 JRE (14.0.2+12), built on Jul 15 2020 11:30:16 by "" with MS VC++ 15.9 (VS2017)

END.
